<?xml version="1.0" encoding="UTF-8"?>
<!-- Generated by org.testng.reporters.JUnitReportReporter -->
<testsuite hostname="ASUS-Laptop" failures="0" tests="1" name="devopspackage.HelloClassTest" time="0.015" errors="0" timestamp="9 Feb 2020 22:32:26 GMT">
  <testcase classname="devopspackage.HelloClassTest" name="testableTest" time="0.015"/>
</testsuite> <!-- devopspackage.HelloClassTest -->
